c:\users\samsung\desktop\ood_submission\codeanalysis\executive\debug\vc120.pdb
c:\users\samsung\desktop\ood_submission\codeanalysis\executive\debug\vc120.idb
c:\users\samsung\desktop\ood_submission\codeanalysis\executive\debug\actionsandrules.obj
c:\users\samsung\desktop\ood_submission\codeanalysis\executive\debug\configureparser.obj
c:\users\samsung\desktop\ood_submission\codeanalysis\executive\debug\display.obj
c:\users\samsung\desktop\ood_submission\codeanalysis\executive\debug\filemanager.obj
c:\users\samsung\desktop\ood_submission\codeanalysis\executive\debug\filesystem.obj
c:\users\samsung\desktop\ood_submission\codeanalysis\executive\debug\foldingrules.obj
c:\users\samsung\desktop\ood_submission\codeanalysis\executive\debug\parser.obj
c:\users\samsung\desktop\ood_submission\codeanalysis\executive\debug\scopestack.obj
c:\users\samsung\desktop\ood_submission\codeanalysis\executive\debug\semiexpression.obj
c:\users\samsung\desktop\ood_submission\codeanalysis\executive\debug\tokenizer.obj
c:\users\samsung\desktop\ood_submission\codeanalysis\executive\debug\xmlwriter.obj
c:\users\samsung\desktop\ood_submission\codeanalysis\executive\debug\executive.obj
c:\users\samsung\desktop\ood_submission\codeanalysis\executive\debug\similarityanalyser.obj
c:\users\samsung\desktop\ood_submission\codeanalysis\debug\executive.ilk
c:\users\samsung\desktop\ood_submission\codeanalysis\debug\executive.exe
c:\users\samsung\desktop\ood_submission\codeanalysis\debug\executive.pdb
c:\users\samsung\desktop\ood_submission\codeanalysis\executive\debug\executive.tlog\cl.command.1.tlog
c:\users\samsung\desktop\ood_submission\codeanalysis\executive\debug\executive.tlog\cl.read.1.tlog
c:\users\samsung\desktop\ood_submission\codeanalysis\executive\debug\executive.tlog\cl.write.1.tlog
c:\users\samsung\desktop\ood_submission\codeanalysis\executive\debug\executive.tlog\link.command.1.tlog
c:\users\samsung\desktop\ood_submission\codeanalysis\executive\debug\executive.tlog\link.read.1.tlog
c:\users\samsung\desktop\ood_submission\codeanalysis\executive\debug\executive.tlog\link.write.1.tlog
